<?xml version="1.0" encoding="UTF-8"?>
<!-- Generated by org.testng.reporters.JUnitXMLReporter -->
<testsuite hostname="niraj-PC" name="run all classes in one test" tests="12" failures="1" timestamp="8 Dec 2020 22:30:09 GMT" time="52.716" errors="0">
  <testcase name="checkInvocationCount" time="0.031" classname="TestNGFramework.TestNGInvocationCount"/>
  <testcase name="checkInvocationCount" time="0.0" classname="TestNGFramework.TestNGInvocationCount"/>
  <testcase name="checkInvocationCount" time="0.0" classname="TestNGFramework.TestNGInvocationCount"/>
  <testcase name="checkInvocationCount" time="0.015" classname="TestNGFramework.TestNGInvocationCount"/>
  <testcase name="checkInvocationCount" time="0.0" classname="TestNGFramework.TestNGInvocationCount"/>
  <testcase name="checkInvocationCount" time="0.002" classname="TestNGFramework.TestNGInvocationCount"/>
  <testcase name="checkInvocationCount" time="0.002" classname="TestNGFramework.TestNGInvocationCount"/>
  <testcase name="checkInvocationCount" time="0.003" classname="TestNGFramework.TestNGInvocationCount"/>
  <testcase name="checkInvocationCount" time="0.003" classname="TestNGFramework.TestNGInvocationCount"/>
  <testcase name="checkInvocationCount" time="0.011" classname="TestNGFramework.TestNGInvocationCount"/>
  <testcase name="googleLogoTest" time="0.232" classname="TestNGFramework.TestNGGAssertions"/>
  <testcase name="googleTitleTest" time="0.029" classname="TestNGFramework.TestNGGAssertions">
    <failure type="java.lang.AssertionError" message="title is not matched neeraj expected [Google123] but found [Google]">
      <![CDATA[java.lang.AssertionError: title is not matched neeraj expected [Google123] but found [Google]
	at TestNGFramework.TestNGGAssertions.googleTitleTest(TestNGGAssertions.java:36)
... Removed 30 stack frames]]>
    </failure>
  </testcase> <!-- googleTitleTest -->
</testsuite> <!-- run all classes in one test -->
